-------------------------------------------------------------------------------
Test set: TestRunner.TestRunner
-------------------------------------------------------------------------------
Tests run: 1, Failures: 0, Errors: 1, Skipped: 0, Time elapsed: 28.88 s <<< FAILURE! -- in TestRunner.TestRunner
demo.orangehrm Application -- Time elapsed: 28.00 s <<< ERROR!
io.cucumber.core.exception.CucumberException: 
Step [user fills infromation in the following fields] is defined with 1 parameters at 'StepDefination.StepDefination.user_fills_infromation_in_the_following_fields(io.cucumber.datatable.DataTable)'.
However, the gherkin step has 0 arguments.
Step text: user fills infromation in the following fields
	at io.cucumber.core.runner.PickleStepDefinitionMatch.arityMismatch(PickleStepDefinitionMatch.java:134)
	at io.cucumber.core.runner.PickleStepDefinitionMatch.runStep(PickleStepDefinitionMatch.java:42)
	at io.cucumber.core.runner.TestStep.executeStep(TestStep.java:64)
	at io.cucumber.core.runner.TestStep.run(TestStep.java:49)
	at io.cucumber.core.runner.PickleStepTestStep.run(PickleStepTestStep.java:46)
	at io.cucumber.core.runner.TestCase.run(TestCase.java:51)
	at io.cucumber.core.runner.Runner.runPickle(Runner.java:67)
	at io.cucumber.junit.PickleRunners$NoStepDescriptions.run(PickleRunners.java:149)
	at io.cucumber.junit.FeatureRunner.runChild(FeatureRunner.java:83)
	at io.cucumber.junit.FeatureRunner.runChild(FeatureRunner.java:24)
	at org.junit.runners.ParentRunner$4.run(ParentRunner.java:331)
	at org.junit.runners.ParentRunner$1.schedule(ParentRunner.java:79)
	at org.junit.runners.ParentRunner.runChildren(ParentRunner.java:329)
	at org.junit.runners.ParentRunner.access$100(ParentRunner.java:66)
	at org.junit.runners.ParentRunner$2.evaluate(ParentRunner.java:293)
	at org.junit.runners.ParentRunner$3.evaluate(ParentRunner.java:306)
	at org.junit.runners.ParentRunner.run(ParentRunner.java:413)
	at io.cucumber.junit.Cucumber.runChild(Cucumber.java:185)
	at io.cucumber.junit.Cucumber.runChild(Cucumber.java:83)
	at org.junit.runners.ParentRunner$4.run(ParentRunner.java:331)
	at org.junit.runners.ParentRunner$1.schedule(ParentRunner.java:79)
	at org.junit.runners.ParentRunner.runChildren(ParentRunner.java:329)
	at org.junit.runners.ParentRunner.access$100(ParentRunner.java:66)
	at org.junit.runners.ParentRunner$2.evaluate(ParentRunner.java:293)
	at io.cucumber.junit.Cucumber$RunCucumber.evaluate(Cucumber.java:219)
	at org.junit.runners.ParentRunner$3.evaluate(ParentRunner.java:306)
	at org.junit.runners.ParentRunner.run(ParentRunner.java:413)
	at org.apache.maven.surefire.junit4.JUnit4Provider.execute(JUnit4Provider.java:316)
	at org.apache.maven.surefire.junit4.JUnit4Provider.executeWithRerun(JUnit4Provider.java:240)
	at org.apache.maven.surefire.junit4.JUnit4Provider.executeTestSet(JUnit4Provider.java:214)
	at org.apache.maven.surefire.junit4.JUnit4Provider.invoke(JUnit4Provider.java:155)
	at org.apache.maven.surefire.booter.ForkedBooter.runSuitesInProcess(ForkedBooter.java:385)
	at org.apache.maven.surefire.booter.ForkedBooter.execute(ForkedBooter.java:162)
	at org.apache.maven.surefire.booter.ForkedBooter.run(ForkedBooter.java:507)
	at org.apache.maven.surefire.booter.ForkedBooter.main(ForkedBooter.java:495)

